2025-04-04 16:51:06,118 - INFO - 
============================================================
2025-04-04 16:51:06,123 - INFO - ============================================================

2025-04-04 16:51:07,002 - INFO - HTTP Request: GET https://dxwebxduuazebqtkumtv.supabase.co/rest/v1/ativos?select=%2A "HTTP/2 200 OK"
2025-04-04 17:07:44,913 - INFO - 
============================================================
2025-04-04 17:07:44,918 - INFO - ============================================================

2025-04-04 17:07:45,847 - INFO - HTTP Request: GET https://dxwebxduuazebqtkumtv.supabase.co/rest/v1/ativos?select=%2A "HTTP/2 200 OK"
2025-04-04 17:12:29,025 - INFO - 
============================================================
2025-04-04 17:12:29,026 - INFO - [INICIO] Atualizador de preços via Cedro CD3
2025-04-04 17:12:29,026 - INFO - [CONFIG] Intervalo: 60 segundos | Timeout: 20 segundos
2025-04-04 17:12:29,026 - INFO - [CONFIG] Usuário: fernando_cd3_python
2025-04-04 17:12:29,026 - INFO - ============================================================

2025-04-04 17:12:29,026 - INFO - [AVISO] CDI não está disponível na Cedro e será ignorado
2025-04-04 17:12:29,296 - INFO - ✅ Conexão com Supabase estabelecida com sucesso.
2025-04-04 17:12:29,776 - INFO - HTTP Request: GET https://dxwebxduuazebqtkumtv.supabase.co/rest/v1/ativos?select=%2A "HTTP/2 200 OK"
2025-04-04 17:12:29,779 - INFO - [ATIVOS] Carregados 7 ativos do banco de dados.
2025-04-04 17:12:29,779 - INFO - [INICIANDO] Loop de atualização a cada 60 segundos
2025-04-04 17:12:29,779 - INFO - [CONFIG] Timeout para receber cotações: 20 segundos
2025-04-04 17:12:29,779 - INFO - [CICLO] Iniciando atualização em 2025-04-04 17:12:29
2025-04-04 17:12:30,063 - INFO - [CONEXAO] Conectado ao servidor CD3
2025-04-04 17:15:52,969 - INFO - 
[PARADA] Interrupção detectada. Finalizando...
2025-04-04 17:15:52,970 - INFO - [PARADA] Finalizando atualizador...
2025-04-04 17:15:52,971 - INFO - [FIM] Programa encerrado com sucesso!
2025-04-04 17:16:05,922 - INFO - 
============================================================
2025-04-04 17:16:05,922 - INFO - [INICIO] Atualizador de preços via Cedro CD3
2025-04-04 17:16:05,922 - INFO - [CONFIG] Intervalo: 60 segundos | Timeout: 20 segundos
2025-04-04 17:16:05,922 - INFO - [CONFIG] Usuário: fernando_cd3_python
2025-04-04 17:16:05,923 - INFO - ============================================================

2025-04-04 17:16:05,923 - INFO - [AVISO] CDI não está disponível na Cedro e será ignorado
2025-04-04 17:16:06,188 - INFO - ✅ Conexão com Supabase estabelecida com sucesso.
2025-04-04 17:16:06,822 - INFO - HTTP Request: GET https://dxwebxduuazebqtkumtv.supabase.co/rest/v1/ativos?select=%2A "HTTP/2 200 OK"
2025-04-04 17:16:06,829 - INFO - [ATIVOS] Carregados 7 ativos do banco de dados.
2025-04-04 17:16:06,830 - INFO - [INICIANDO] Loop de atualização a cada 60 segundos
2025-04-04 17:16:06,830 - INFO - [CONFIG] Timeout para receber cotações: 20 segundos
2025-04-04 17:16:06,831 - INFO - [CICLO] Iniciando atualização em 2025-04-04 17:16:06
2025-04-04 17:16:06,998 - INFO - [CONEXAO] Conectado ao servidor CD3
2025-04-04 17:20:21,341 - INFO - 
[PARADA] Interrupção detectada. Finalizando...
2025-04-04 17:20:21,342 - INFO - [PARADA] Finalizando atualizador...
2025-04-04 17:20:21,342 - INFO - [FIM] Programa encerrado com sucesso!
