2025-04-07 09:47:46,041 - INFO - ============================================================
2025-04-07 09:47:46,048 - INFO - Iniciando atualizador de preços via Cedro CD3
2025-04-07 09:47:46,048 - INFO - Modo: Execução única
2025-04-07 09:47:46,048 - INFO - Usuário: fernando_cd3_python
2025-04-07 09:47:46,048 - INFO - ============================================================
2025-04-07 09:47:46,048 - INFO - Aviso: CDI e USDBRL não estão disponíveis na Cedro e serão ignorados
2025-04-07 09:47:46,318 - INFO - Conexão com Supabase estabelecida com sucesso.
2025-04-07 09:47:46,936 - INFO - HTTP Request: GET https://dxwebxduuazebqtkumtv.supabase.co/rest/v1/ativos?select=%2A "HTTP/2 200 OK"
2025-04-07 09:47:46,938 - INFO - Carregados 7 ativos do banco de dados.
2025-04-07 09:47:46,939 - INFO - Executando atualização única...
2025-04-07 09:47:46,939 - INFO - Conectando com o usuário fernando_cd3_python_66
2025-04-07 09:47:51,229 - ERROR - Connection error: Invalid Login.
2025-04-07 09:47:51,279 - WARNING - No data received. Closing socket.
2025-04-07 09:47:51,280 - WARNING - Desconectado do servidor CD3
2025-04-07 09:48:01,317 - ERROR - Timeout ao aguardar conexão
2025-04-07 09:48:02,318 - INFO - Solicitando snapshot para BOVA11
2025-04-07 09:48:02,619 - INFO - Solicitando snapshot para XFIX11
2025-04-07 09:48:02,919 - INFO - Solicitando snapshot para IB5M11
2025-04-07 09:48:03,220 - INFO - Solicitando snapshot para B5P211
2025-04-07 09:48:03,521 - INFO - Solicitando snapshot para FIXA11
2025-04-07 09:48:33,954 - WARNING - Timeout atingido ao aguardar cotações
2025-04-07 09:48:33,954 - WARNING - Não recebemos todas as cotações esperadas: 0/5
2025-04-07 09:48:33,954 - WARNING - Connection not started or already stopped.
2025-04-07 09:48:33,954 - INFO - Conexão CD3 encerrada
2025-04-07 09:48:33,954 - INFO - Atualização única completada!
2025-04-07 09:48:33,954 - INFO - Obrigado por usar o atualizador de preços via Cedro CD3!
